#
# A fatal error has been detected by the Java Runtime Environment:
#
#  SIGSEGV (0xb) at pc=0x000000012c967e4d, pid=3789, tid=50695
#
# JRE version: Java(TM) SE Runtime Environment (8.0_73-b02) (build 1.8.0_73-b02)
# Java VM: Java HotSpot(TM) 64-Bit Server VM (25.73-b02 mixed mode bsd-amd64 compressed oops)
# Problematic frame:
# C  [libawt_lwawt.dylib+0x1ae4d]  OGLSD_SetScratchSurface+0x53
#
# Failed to write core dump. Core dumps have been disabled. To enable core dumping, try "ulimit -c unlimited" before starting Java again
#
# If you would like to submit a bug report, please visit:
#   http://bugreport.java.com/bugreport/crash.jsp
# The crash happened outside the Java Virtual Machine in native code.
# See problematic frame for where to report the bug.
#

---------------  T H R E A D  ---------------

Current thread (0x00007ffe690b3000):  JavaThread "Java2D Queue Flusher" daemon [_thread_in_native, id=50695, stack(0x00007000013dc000,0x00007000014dc000)]

siginfo: si_signo: 11 (SIGSEGV), si_code: 1 (SEGV_MAPERR), si_addr: 0x0000000000000000

Registers:
RAX=0x00007ffe69803038, RBX=0x00007ffe6dc50002, RCX=0x00007ffe69803040, RDX=0x000000012c9888ec
RSP=0x00007000014db810, RBP=0x00007000014db830, RSI=0x00007ffe6dc5f6b0, RDI=0x00007ffe69803038
R8 =0x00000000d80ae3a9, R9 =0x0000000000000000, R10=0x0000000110c93338, R11=0x0000000000000020
R12=0x0000000000000000, R13=0x00000006c0571e18, R14=0x00007ffe690b31f8, R15=0x0000000000000000
RIP=0x000000012c967e4d, EFLAGS=0x0000000000010202, ERR=0x0000000000000004
  TRAPNO=0x000000000000000e

Top of Stack: (sp=0x00007000014db810)
0x00007000014db810:   00007ffe6dc5f6b0 0000000000000000
0x00007000014db820:   00007ffe690c8210 00007ffe690b3000
0x00007000014db830:   00007000014db8b0 000000012c9883ca
0x00007000014db840:   0000000000000064 00007ffe68c89b18
0x00007000014db850:   00007000014db8b0 000000010f36a724
0x00007000014db860:   0000000000000005 00007ffe690b3000
0x00007000014db870:   00000006c0571e01 00007ffe690c8220
0x00007000014db880:   00007000004db800 00007ffe690b31f8
0x00007000014db890:   0000000000000000 0000000000000000
0x00007000014db8a0:   00007000014db908 00007ffe690b3000
0x00007000014db8b0:   00007000014db900 0000000110c933aa
0x00007000014db8c0:   00000006c0571d30 0000000100000001
0x00007000014db8d0:   0000000129728828 0000000000000000
0x00007000014db8e0:   0000000129728748 0000000000000000
0x00007000014db8f0:   00007000014db910 00000006c0571e18
0x00007000014db900:   00000000d80ae3a6 000000011119ee50
0x00007000014db910:   00000006c0571d30 0000000000000000
0x00007000014db920:   00000006c0571e18 0000000000000000
0x00007000014db930:   00000006c0571e18 00007000014db9d0
0x00007000014db940:   0000000000000001 0000000000000000
0x00007000014db950:   00007000014db9d0 00000001108097a7
0x00007000014db960:   00000006c0571e18 00000006c0571e18
0x00007000014db970:   0000700000001fa0 000000000000000a
0x00007000014db980:   00007ffe690b3000 0000000000000001
0x00007000014db990:   000000011080971f 0000000129671d90
0x00007000014db9a0:   00007000014dba68 00007000014dbd00
0x00007000014db9b0:   000000010000000a 0000000129671d90
0x00007000014db9c0:   000000011081a0a0 00007000014dbc70
0x00007000014db9d0:   00007000014dbb80 000000010f308e7a
0x00007000014db9e0:   0000700000000001 00007ffe690b3000
0x00007000014db9f0:   00007ffe690b3000 00007000014dbd00
0x00007000014dba00:   00007ffe68c89b10 000000011081a0a0 

Instructions: (pc=0x000000012c967e4d)
0x000000012c967e2d:   48 85 db 75 0e bf 01 00 00 00 48 8d 15 fd 75 03
0x000000012c967e3d:   00 eb d6 49 89 fe 4c 8b 3b 30 c0 e8 c5 a2 02 00
0x000000012c967e4d:   49 8b 3f 49 89 c4 48 8b 35 a6 f7 05 00 30 c0 e8
0x000000012c967e5d:   cb a3 02 00 48 85 c0 75 4e 30 c0 e8 4f 0c 02 00 

Register to memory mapping:

RAX=0x00007ffe69803038 is an unknown value
RBX=0x00007ffe6dc50002 is an unknown value
RCX=0x00007ffe69803040 is an unknown value
RDX=0x000000012c9888ec: Java_sun_java2d_opengl_OGLRenderQueue_flushBuffer+0xb5c in /Library/Java/JavaVirtualMachines/jdk1.8.0_73.jdk/Contents/Home/jre/lib/libawt_lwawt.dylib at 0x000000012c94d000
RSP=0x00007000014db810 is pointing into the stack for thread: 0x00007ffe690b3000
RBP=0x00007000014db830 is pointing into the stack for thread: 0x00007ffe690b3000
RSI=0x00007ffe6dc5f6b0 is an unknown value
RDI=0x00007ffe69803038 is an unknown value
R8 =0x00000000d80ae3a9 is an unknown value
R9 =0x0000000000000000 is an unknown value
R10=0x0000000110c93338 is at entry_point+56 in (nmethod*)0x0000000110c93190
R11=0x0000000000000020 is an unknown value
R12=0x0000000000000000 is an unknown value
R13=0x00000006c0571e18 is an oop
sun.java2d.opengl.OGLRenderQueue$QueueFlusher 
 - klass: 'sun/java2d/opengl/OGLRenderQueue$QueueFlusher'
R14=0x00007ffe690b31f8 is an unknown value
R15=0x0000000000000000 is an unknown value


Stack: [0x00007000013dc000,0x00007000014dc000],  sp=0x00007000014db810,  free space=1022k
Native frames: (J=compiled Java code, j=interpreted, Vv=VM code, C=native code)
C  [libawt_lwawt.dylib+0x1ae4d]  OGLSD_SetScratchSurface+0x53
C  [libawt_lwawt.dylib+0x3b3ca]  Java_sun_java2d_opengl_OGLRenderQueue_flushBuffer+0x63a
J 1421  sun.java2d.opengl.OGLRenderQueue.flushBuffer(JI)V (0 bytes) @ 0x0000000110c933aa [0x0000000110c93300+0xaa]
J 4063% C2 sun.java2d.opengl.OGLRenderQueue$QueueFlusher.run()V (234 bytes) @ 0x000000011119ee50 [0x000000011119eba0+0x2b0]
v  ~StubRoutines::call_stub
V  [libjvm.dylib+0x2eae7a]  JavaCalls::call_helper(JavaValue*, methodHandle*, JavaCallArguments*, Thread*)+0x6ae
V  [libjvm.dylib+0x2eb608]  JavaCalls::call_virtual(JavaValue*, KlassHandle, Symbol*, Symbol*, JavaCallArguments*, Thread*)+0x164
V  [libjvm.dylib+0x2eb7b4]  JavaCalls::call_virtual(JavaValue*, Handle, KlassHandle, Symbol*, Symbol*, Thread*)+0x4a
V  [libjvm.dylib+0x345d31]  thread_entry(JavaThread*, Thread*)+0x7c
V  [libjvm.dylib+0x561753]  JavaThread::thread_main_inner()+0x9b
V  [libjvm.dylib+0x562e4e]  JavaThread::run()+0x1c2
V  [libjvm.dylib+0x4838a2]  java_start(Thread*)+0xf6
C  [libsystem_pthread.dylib+0x399d]  _pthread_body+0x83
C  [libsystem_pthread.dylib+0x391a]  _pthread_body+0x0
C  [libsystem_pthread.dylib+0x1351]  thread_start+0xd
C  0x0000000000000000

Java frames: (J=compiled Java code, j=interpreted, Vv=VM code)
J 1421  sun.java2d.opengl.OGLRenderQueue.flushBuffer(JI)V (0 bytes) @ 0x0000000110c93338 [0x0000000110c93300+0x38]
J 4063% C2 sun.java2d.opengl.OGLRenderQueue$QueueFlusher.run()V (234 bytes) @ 0x000000011119ee50 [0x000000011119eba0+0x2b0]
v  ~StubRoutines::call_stub

---------------  P R O C E S S  ---------------

Java Threads: ( => current thread )
  0x00007ffe693da000 JavaThread "TimerQueue" daemon [_thread_blocked, id=64011, stack(0x0000700001768000,0x0000700001868000)]
  0x00007ffe69374000 JavaThread "DestroyJavaVM" [_thread_blocked, id=4099, stack(0x0000700000084000,0x0000700000184000)]
  0x00007ffe691bf000 JavaThread "AWT-EventQueue-0" [_thread_blocked, id=55043, stack(0x00007000015e2000,0x00007000016e2000)]
  0x00007ffe6aad9000 JavaThread "Java2D Disposer" daemon [_thread_blocked, id=54019, stack(0x00007000014df000,0x00007000015df000)]
=>0x00007ffe690b3000 JavaThread "Java2D Queue Flusher" daemon [_thread_in_native, id=50695, stack(0x00007000013dc000,0x00007000014dc000)]
  0x00007ffe6aa6f000 JavaThread "AWT-Shutdown" [_thread_blocked, id=29971, stack(0x0000700001256000,0x0000700001356000)]
  0x00007ffe6aa5e000 JavaThread "AppKit Thread" daemon [_thread_blocked, id=2571, stack(0x00007fff5065e000,0x00007fff50e5e000)]
  0x00007ffe69840800 JavaThread "Service Thread" daemon [_thread_blocked, id=18947, stack(0x0000700000e44000,0x0000700000f44000)]
  0x00007ffe6a817000 JavaThread "C1 CompilerThread2" daemon [_thread_blocked, id=18435, stack(0x0000700000d41000,0x0000700000e41000)]
  0x00007ffe6a816800 JavaThread "C2 CompilerThread1" daemon [_thread_blocked, id=17923, stack(0x0000700000c3e000,0x0000700000d3e000)]
  0x00007ffe6a814800 JavaThread "C2 CompilerThread0" daemon [_thread_blocked, id=17411, stack(0x0000700000b3b000,0x0000700000c3b000)]
  0x00007ffe6a801000 JavaThread "Signal Dispatcher" daemon [_thread_blocked, id=13839, stack(0x0000700000a38000,0x0000700000b38000)]
  0x00007ffe69827800 JavaThread "Finalizer" daemon [_thread_blocked, id=12291, stack(0x000070000082f000,0x000070000092f000)]
  0x00007ffe69826800 JavaThread "Reference Handler" daemon [_thread_blocked, id=11779, stack(0x000070000072c000,0x000070000082c000)]

Other Threads:
  0x00007ffe69014000 VMThread [stack: 0x0000700000629000,0x0000700000729000] [id=11267]
  0x00007ffe6a814000 WatcherThread [stack: 0x0000700000f47000,0x0000700001047000] [id=19459]

VM state:not at safepoint (normal execution)

VM Mutex/Monitor currently owned by a thread: None

Heap:
 PSYoungGen      total 58880K, used 15121K [0x000000076ab00000, 0x000000076f600000, 0x00000007c0000000)
  eden space 46080K, 5% used [0x000000076ab00000,0x000000076ad81d10,0x000000076d800000)
  from space 12800K, 98% used [0x000000076d880000,0x000000076e4c2748,0x000000076e500000)
  to   space 15360K, 0% used [0x000000076e700000,0x000000076e700000,0x000000076f600000)
 ParOldGen       total 175104K, used 23301K [0x00000006c0000000, 0x00000006cab00000, 0x000000076ab00000)
  object space 175104K, 13% used [0x00000006c0000000,0x00000006c16c16f0,0x00000006cab00000)
 Metaspace       used 20766K, capacity 21016K, committed 21248K, reserved 1069056K
  class space    used 2458K, capacity 2552K, committed 2560K, reserved 1048576K

Card table byte_map: [0x000000011fbc9000,0x00000001203ca000] byte_map_base: 0x000000011c5c9000

Marking Bits: (ParMarkBitMap*) 0x000000010f901ea0
 Begin Bits: [0x0000000120920000, 0x0000000124920000)
 End Bits:   [0x0000000124920000, 0x0000000128920000)

Polling page: 0x000000010fff2000

CodeCache: size=245760Kb used=12486Kb max_used=12494Kb free=233273Kb
 bounds [0x0000000110809000, 0x0000000111459000, 0x000000011f809000]
 total_blobs=4262 nmethods=3621 adapters=552
 compilation: enabled

Compilation events (10 events):
Event: 136697.371 Thread 0x00007ffe6a814800 4164       4       java.util.HashMap$KeyIterator::next (8 bytes)
Event: 136697.387 Thread 0x00007ffe6a814800 nmethod 4164 0x000000011110b450 code [0x000000011110b5a0, 0x000000011110b818]
Event: 136698.179 Thread 0x00007ffe6a817000 4165   !   3       java.lang.StringCoding$StringDecoder::decode (179 bytes)
Event: 136699.145 Thread 0x00007ffe6a817000 nmethod 4165 0x0000000111066590 code [0x0000000111066900, 0x00000001110685a8]
Event: 136699.145 Thread 0x00007ffe6a817000 4166       1       java.lang.ref.Reference::access$100 (4 bytes)
Event: 136699.163 Thread 0x00007ffe6a817000 nmethod 4166 0x0000000111052050 code [0x00000001110521a0, 0x0000000111052290]
Event: 136699.196 Thread 0x00007ffe6a816800 4167       4       sun.java2d.pipe.RenderQueue::ensureCapacityAndAlignment (13 bytes)
Event: 136699.197 Thread 0x00007ffe6a816800 nmethod 4167 0x0000000110b503d0 code [0x0000000110b50520, 0x0000000110b50618]
Event: 136699.199 Thread 0x00007ffe6a817000 4168  s    3       java.util.Hashtable::remove (133 bytes)
Event: 136699.200 Thread 0x00007ffe6a817000 nmethod 4168 0x0000000110bd3d90 code [0x0000000110bd3f40, 0x0000000110bd4798]

GC Heap History (10 events):
Event: 141.237 GC heap before
{Heap before GC invocations=19 (full 0):
 PSYoungGen      total 62976K, used 50112K [0x000000076ab00000, 0x000000076f980000, 0x00000007c0000000)
  eden space 49664K, 100% used [0x000000076ab00000,0x000000076db80000,0x000000076db80000)
  from space 13312K, 3% used [0x000000076ec80000,0x000000076ecf0000,0x000000076f980000)
  to   space 15360K, 0% used [0x000000076db80000,0x000000076db80000,0x000000076ea80000)
 ParOldGen       total 175104K, used 17839K [0x00000006c0000000, 0x00000006cab00000, 0x000000076ab00000)
  object space 175104K, 10% used [0x00000006c0000000,0x00000006c116bf00,0x00000006cab00000)
 Metaspace       used 20548K, capacity 20824K, committed 20992K, reserved 1067008K
  class space    used 2454K, capacity 2552K, committed 2560K, reserved 1048576K
Event: 141.238 GC heap after
Heap after GC invocations=19 (full 0):
 PSYoungGen      total 49152K, used 320K [0x000000076ab00000, 0x000000076f780000, 0x00000007c0000000)
  eden space 48640K, 0% used [0x000000076ab00000,0x000000076ab00000,0x000000076da80000)
  from space 512K, 62% used [0x000000076db80000,0x000000076dbd0000,0x000000076dc00000)
  to   space 14848K, 0% used [0x000000076e900000,0x000000076e900000,0x000000076f780000)
 ParOldGen       total 175104K, used 17899K [0x00000006c0000000, 0x00000006cab00000, 0x000000076ab00000)
  object space 175104K, 10% used [0x00000006c0000000,0x00000006c117af90,0x00000006cab00000)
 Metaspace       used 20548K, capacity 20824K, committed 20992K, reserved 1067008K
  class space    used 2454K, capacity 2552K, committed 2560K, reserved 1048576K
}
Event: 158.083 GC heap before
{Heap before GC invocations=20 (full 0):
 PSYoungGen      total 49152K, used 48960K [0x000000076ab00000, 0x000000076f780000, 0x00000007c0000000)
  eden space 48640K, 100% used [0x000000076ab00000,0x000000076da80000,0x000000076da80000)
  from space 512K, 62% used [0x000000076db80000,0x000000076dbd0000,0x000000076dc00000)
  to   space 14848K, 0% used [0x000000076e900000,0x000000076e900000,0x000000076f780000)
 ParOldGen       total 175104K, used 17899K [0x00000006c0000000, 0x00000006cab00000, 0x000000076ab00000)
  object space 175104K, 10% used [0x00000006c0000000,0x00000006c117af90,0x00000006cab00000)
 Metaspace       used 20610K, capacity 20824K, committed 20992K, reserved 1067008K
  class space    used 2454K, capacity 2552K, committed 2560K, reserved 1048576K
Event: 158.084 GC heap after
Heap after GC invocations=20 (full 0):
 PSYoungGen      total 60416K, used 725K [0x000000076ab00000, 0x000000076f580000, 0x00000007c0000000)
  eden space 47616K, 0% used [0x000000076ab00000,0x000000076ab00000,0x000000076d980000)
  from space 12800K, 5% used [0x000000076e900000,0x000000076e9b5630,0x000000076f580000)
  to   space 14336K, 0% used [0x000000076d980000,0x000000076d980000,0x000000076e780000)
 ParOldGen       total 175104K, used 17923K [0x00000006c0000000, 0x00000006cab00000, 0x000000076ab00000)
  object space 175104K, 10% used [0x00000006c0000000,0x00000006c1180f90,0x00000006cab00000)
 Metaspace       used 20610K, capacity 20824K, committed 20992K, reserved 1067008K
  class space    used 2454K, capacity 2552K, committed 2560K, reserved 1048576K
}
Event: 168.207 GC heap before
{Heap before GC invocations=21 (full 0):
 PSYoungGen      total 60416K, used 48341K [0x000000076ab00000, 0x000000076f580000, 0x00000007c0000000)
  eden space 47616K, 100% used [0x000000076ab00000,0x000000076d980000,0x000000076d980000)
  from space 12800K, 5% used [0x000000076e900000,0x000000076e9b5630,0x000000076f580000)
  to   space 14336K, 0% used [0x000000076d980000,0x000000076d980000,0x000000076e780000)
 ParOldGen       total 175104K, used 17923K [0x00000006c0000000, 0x00000006cab00000, 0x000000076ab00000)
  object space 175104K, 10% used [0x00000006c0000000,0x00000006c1180f90,0x00000006cab00000)
 Metaspace       used 20623K, capacity 20888K, committed 21248K, reserved 1069056K
  class space    used 2454K, capacity 2552K, committed 2560K, reserved 1048576K
Event: 168.208 GC heap after
Heap after GC invocations=21 (full 0):
 PSYoungGen      total 48128K, used 531K [0x000000076ab00000, 0x000000076f300000, 0x00000007c0000000)
  eden space 47104K, 0% used [0x000000076ab00000,0x000000076ab00000,0x000000076d900000)
  from space 1024K, 51% used [0x000000076d980000,0x000000076da04d90,0x000000076da80000)
  to   space 13312K, 0% used [0x000000076e600000,0x000000076e600000,0x000000076f300000)
 ParOldGen       total 175104K, used 18405K [0x00000006c0000000, 0x00000006cab00000, 0x000000076ab00000)
  object space 175104K, 10% used [0x00000006c0000000,0x00000006c11f9770,0x00000006cab00000)
 Metaspace       used 20623K, capacity 20888K, committed 21248K, reserved 1069056K
  class space    used 2454K, capacity 2552K, committed 2560K, reserved 1048576K
}
Event: 209.887 GC heap before
{Heap before GC invocations=22 (full 0):
 PSYoungGen      total 48128K, used 47635K [0x000000076ab00000, 0x000000076f300000, 0x00000007c0000000)
  eden space 47104K, 100% used [0x000000076ab00000,0x000000076d900000,0x000000076d900000)
  from space 1024K, 51% used [0x000000076d980000,0x000000076da04d90,0x000000076da80000)
  to   space 13312K, 0% used [0x000000076e600000,0x000000076e600000,0x000000076f300000)
 ParOldGen       total 175104K, used 18405K [0x00000006c0000000, 0x00000006cab00000, 0x000000076ab00000)
  object space 175104K, 10% used [0x00000006c0000000,0x00000006c11f9770,0x00000006cab00000)
 Metaspace       used 20648K, capacity 20952K, committed 21248K, reserved 1069056K
  class space    used 2454K, capacity 2552K, committed 2560K, reserved 1048576K
Event: 209.889 GC heap after
Heap after GC invocations=22 (full 0):
 PSYoungGen      total 58368K, used 1619K [0x000000076ab00000, 0x000000076f180000, 0x00000007c0000000)
  eden space 46592K, 0% used [0x000000076ab00000,0x000000076ab00000,0x000000076d880000)
  from space 11776K, 13% used [0x000000076e600000,0x000000076e794fe0,0x000000076f180000)
  to   space 12800K, 0% used [0x000000076d880000,0x000000076d880000,0x000000076e500000)
 ParOldGen       total 175104K, used 18617K [0x00000006c0000000, 0x00000006cab00000, 0x000000076ab00000)
  object space 175104K, 10% used [0x00000006c0000000,0x00000006c122e500,0x00000006cab00000)
 Metaspace       used 20648K, capacity 20952K, committed 21248K, reserved 1069056K
  class space    used 2454K, capacity 2552K, committed 2560K, reserved 1048576K
}
Event: 136698.190 GC heap before
{Heap before GC invocations=23 (full 0):
 PSYoungGen      total 58368K, used 47672K [0x000000076ab00000, 0x000000076f180000, 0x00000007c0000000)
  eden space 46592K, 98% used [0x000000076ab00000,0x000000076d7f9100,0x000000076d880000)
  from space 11776K, 13% used [0x000000076e600000,0x000000076e794fe0,0x000000076f180000)
  to   space 12800K, 0% used [0x000000076d880000,0x000000076d880000,0x000000076e500000)
 ParOldGen       total 175104K, used 18617K [0x00000006c0000000, 0x00000006cab00000, 0x000000076ab00000)
  object space 175104K, 10% used [0x00000006c0000000,0x00000006c122e500,0x00000006cab00000)
 Metaspace       used 20766K, capacity 21016K, committed 21248K, reserved 1069056K
  class space    used 2458K, capacity 2552K, committed 2560K, reserved 1048576K
Event: 136698.959 GC heap after
Heap after GC invocations=23 (full 0):
 PSYoungGen      total 58880K, used 12553K [0x000000076ab00000, 0x000000076f600000, 0x00000007c0000000)
  eden space 46080K, 0% used [0x000000076ab00000,0x000000076ab00000,0x000000076d800000)
  from space 12800K, 98% used [0x000000076d880000,0x000000076e4c2748,0x000000076e500000)
  to   space 15360K, 0% used [0x000000076e700000,0x000000076e700000,0x000000076f600000)
 ParOldGen       total 175104K, used 23301K [0x00000006c0000000, 0x00000006cab00000, 0x000000076ab00000)
  object space 175104K, 13% used [0x00000006c0000000,0x00000006c16c16f0,0x00000006cab00000)
 Metaspace       used 20766K, capacity 21016K, committed 21248K, reserved 1069056K
  class space    used 2458K, capacity 2552K, committed 2560K, reserved 1048576K
}

Deoptimization events (10 events):
Event: 10215.167 Thread 0x00007ffe691bf000 Uncommon trap: reason=unstable_if action=reinterpret pc=0x0000000111333da8 method=sun.java2d.pipe.Region.getIntersectionXYXY(IIII)Lsun/java2d/pipe/Region; @ 55
Event: 10215.174 Thread 0x00007ffe691bf000 Uncommon trap: reason=unstable_if action=reinterpret pc=0x0000000110acad50 method=sun.java2d.pipe.Region.getIntersectionXYXY(IIII)Lsun/java2d/pipe/Region; @ 55
Event: 10215.832 Thread 0x00007ffe691bf000 Uncommon trap: reason=class_check action=maybe_recompile pc=0x0000000111140d94 method=java.util.HashMap.removeNode(ILjava/lang/Object;Ljava/lang/Object;ZZ)Ljava/util/HashMap$Node; @ 68
Event: 10215.837 Thread 0x00007ffe691bf000 Uncommon trap: reason=class_check action=maybe_recompile pc=0x0000000111140d94 method=java.util.HashMap.removeNode(ILjava/lang/Object;Ljava/lang/Object;ZZ)Ljava/util/HashMap$Node; @ 68
Event: 10215.857 Thread 0x00007ffe691bf000 Uncommon trap: reason=unstable_if action=reinterpret pc=0x0000000110a9eb98 method=java.util.HashMap$HashIterator.<init>(Ljava/util/HashMap;)V @ 45
Event: 10215.857 Thread 0x00007ffe691bf000 Uncommon trap: reason=unstable_if action=reinterpret pc=0x000000011115e118 method=java.util.HashMap$HashIterator.<init>(Ljava/util/HashMap;)V @ 45
Event: 10215.925 Thread 0x00007ffe691bf000 Uncommon trap: reason=class_check action=maybe_recompile pc=0x0000000111140d94 method=java.util.HashMap.removeNode(ILjava/lang/Object;Ljava/lang/Object;ZZ)Ljava/util/HashMap$Node; @ 68
Event: 10216.265 Thread 0x00007ffe691bf000 Uncommon trap: reason=unstable_if action=reinterpret pc=0x000000011120c518 method=sun.java2d.pipe.PixelToParallelogramConverter.drawGeneralLine(Lsun/java2d/SunGraphics2D;DDDD)Z @ 390
Event: 18086.394 Thread 0x00007ffe690b3000 Uncommon trap: reason=unstable_if action=reinterpret pc=0x0000000111409b60 method=sun.java2d.opengl.OGLRenderQueue$QueueFlusher.run()V @ 22
Event: 18092.044 Thread 0x00007ffe691bf000 Uncommon trap: reason=unstable_if action=reinterpret pc=0x000000011111067c method=sun.java2d.pipe.BufferedContext.validate(Lsun/java2d/pipe/hw/AccelSurface;Lsun/java2d/pipe/hw/AccelSurface;Lsun/java2d/pipe/Region;Ljava/awt/Composite;Ljava/awt/geom/AffineT

Internal exceptions (10 events):
Event: 0.736 Thread 0x00007ffe6a805800 Implicit null exception at 0x0000000110a3e575 to 0x0000000110a3e8e1
Event: 1.702 Thread 0x00007ffe6a805800 Implicit null exception at 0x0000000110a035b3 to 0x0000000110a03965
Event: 3.641 Thread 0x00007ffe691bf000 Exception <a 'java/lang/NullPointerException'> (0x000000076c02b3b8) thrown at [/HUDSON3/workspace/8-2-build-macosx-x86_64/jdk8u73/6086/hotspot/src/share/vm/prims/jni.cpp, line 735]
Event: 16.075 Thread 0x00007ffe69827800 Exception <a 'java/lang/NullPointerException'> (0x000000076adc3920) thrown at [/HUDSON3/workspace/8-2-build-macosx-x86_64/jdk8u73/6086/hotspot/src/share/vm/interpreter/linkResolver.cpp, line 1178]
Event: 16.076 Thread 0x00007ffe69827800 Exception <a 'java/lang/NullPointerException'> (0x000000076adc3bb0) thrown at [/HUDSON3/workspace/8-2-build-macosx-x86_64/jdk8u73/6086/hotspot/src/share/vm/interpreter/linkResolver.cpp, line 1178]
Event: 16.076 Thread 0x00007ffe69827800 Exception <a 'java/lang/NullPointerException'> (0x000000076adc3db8) thrown at [/HUDSON3/workspace/8-2-build-macosx-x86_64/jdk8u73/6086/hotspot/src/share/vm/interpreter/linkResolver.cpp, line 1178]
Event: 16.076 Thread 0x00007ffe69827800 Exception <a 'java/lang/NullPointerException'> (0x000000076adc3fc0) thrown at [/HUDSON3/workspace/8-2-build-macosx-x86_64/jdk8u73/6086/hotspot/src/share/vm/interpreter/linkResolver.cpp, line 1178]
Event: 18.827 Thread 0x00007ffe6aa5e000 Implicit null exception at 0x0000000110faed8c to 0x0000000110faeedd
Event: 212.113 Thread 0x00007ffe691bf000 Implicit null exception at 0x00000001114009dc to 0x0000000111401129
Event: 18092.044 Thread 0x00007ffe691bf000 Implicit null exception at 0x000000011110f397 to 0x0000000111110641

Events (10 events):
Event: 115415.176 Thread 0x00007ffe6a817000 flushing nmethod 0x000000011107c510
Event: 115415.176 Thread 0x00007ffe6a817000 flushing nmethod 0x000000011107d710
Event: 115415.177 Thread 0x00007ffe6a817000 flushing nmethod 0x0000000111081f10
Event: 115415.178 Thread 0x00007ffe6a817000 flushing nmethod 0x000000011110b450
Event: 115415.179 Thread 0x00007ffe6a817000 flushing nmethod 0x0000000111164210
Event: 115415.179 Thread 0x00007ffe6a817000 flushing nmethod 0x0000000111164610
Event: 115415.179 Thread 0x00007ffe6a817000 flushing nmethod 0x0000000111166e50
Event: 115415.201 Thread 0x00007ffe6a817000 flushing nmethod 0x00000001111c0490
Event: 136698.184 Executing VM operation: ParallelGCFailedAllocation
Event: 136698.959 Executing VM operation: ParallelGCFailedAllocation done


Dynamic libraries:
0x0000000002ee3000 	/System/Library/Frameworks/Cocoa.framework/Versions/A/Cocoa
0x0000000002ee3000 	/System/Library/Frameworks/Security.framework/Versions/A/Security
0x0000000002ee3000 	/System/Library/Frameworks/ApplicationServices.framework/Versions/A/ApplicationServices
0x0000000002ee3000 	/usr/lib/libz.1.dylib
0x0000000002ee3000 	/usr/lib/libSystem.B.dylib
0x0000000002ee3000 	/usr/lib/libobjc.A.dylib
0x0000000002ee3000 	/System/Library/Frameworks/CoreFoundation.framework/Versions/A/CoreFoundation
0x0000000002ee3000 	/System/Library/Frameworks/Foundation.framework/Versions/C/Foundation
0x0000000002ee3000 	/System/Library/Frameworks/AppKit.framework/Versions/C/AppKit
0x0000000002ee3000 	/System/Library/Frameworks/CoreData.framework/Versions/A/CoreData
0x0000000002ee3000 	/System/Library/PrivateFrameworks/RemoteViewServices.framework/Versions/A/RemoteViewServices
0x0000000002ee3000 	/System/Library/PrivateFrameworks/UIFoundation.framework/Versions/A/UIFoundation
0x0000000002ee3000 	/usr/lib/libScreenReader.dylib
0x0000000002ee3000 	/System/Library/Frameworks/Accelerate.framework/Versions/A/Accelerate
0x0000000002ee3000 	/System/Library/Frameworks/IOSurface.framework/Versions/A/IOSurface
0x0000000002ee3000 	/System/Library/Frameworks/AudioToolbox.framework/Versions/A/AudioToolbox
0x0000000002ee3000 	/System/Library/Frameworks/AudioUnit.framework/Versions/A/AudioUnit
0x0000000002ee3000 	/System/Library/PrivateFrameworks/DataDetectorsCore.framework/Versions/A/DataDetectorsCore
0x0000000002ee3000 	/System/Library/PrivateFrameworks/DesktopServicesPriv.framework/Versions/A/DesktopServicesPriv
0x0000000002ee3000 	/System/Library/Frameworks/Carbon.framework/Versions/A/Frameworks/HIToolbox.framework/Versions/A/HIToolbox
0x0000000002ee3000 	/System/Library/Frameworks/QuartzCore.framework/Versions/A/QuartzCore
0x0000000002ee3000 	/System/Library/Frameworks/Carbon.framework/Versions/A/Frameworks/SpeechRecognition.framework/Versions/A/SpeechRecognition
0x0000000002ee3000 	/usr/lib/libauto.dylib
0x0000000002ee3000 	/usr/lib/libicucore.A.dylib
0x0000000002ee3000 	/usr/lib/libxml2.2.dylib
0x0000000002ee3000 	/System/Library/PrivateFrameworks/CoreUI.framework/Versions/A/CoreUI
0x0000000002ee3000 	/System/Library/Frameworks/CoreAudio.framework/Versions/A/CoreAudio
0x0000000002ee3000 	/System/Library/Frameworks/DiskArbitration.framework/Versions/A/DiskArbitration
0x0000000002ee3000 	/usr/lib/liblangid.dylib
0x0000000002ee3000 	/System/Library/PrivateFrameworks/MultitouchSupport.framework/Versions/A/MultitouchSupport
0x0000000002ee3000 	/System/Library/Frameworks/IOKit.framework/Versions/A/IOKit
0x0000000002ee3000 	/usr/lib/libDiagnosticMessagesClient.dylib
0x0000000002ee3000 	/System/Library/Frameworks/CoreServices.framework/Versions/A/CoreServices
0x0000000002ee3000 	/System/Library/PrivateFrameworks/PerformanceAnalysis.framework/Versions/A/PerformanceAnalysis
0x0000000002ee3000 	/System/Library/PrivateFrameworks/GenerationalStorage.framework/Versions/A/GenerationalStorage
0x0000000002ee3000 	/System/Library/Frameworks/OpenGL.framework/Versions/A/OpenGL
0x0000000002ee3000 	/System/Library/PrivateFrameworks/Sharing.framework/Versions/A/Sharing
0x0000000002ee3000 	/System/Library/Frameworks/CoreGraphics.framework/Versions/A/CoreGraphics
0x0000000002ee3000 	/System/Library/Frameworks/CoreImage.framework/Versions/A/CoreImage
0x0000000002ee3000 	/System/Library/Frameworks/CoreText.framework/Versions/A/CoreText
0x0000000002ee3000 	/System/Library/Frameworks/ImageIO.framework/Versions/A/ImageIO
0x0000000002ee3000 	/System/Library/PrivateFrameworks/Backup.framework/Versions/A/Backup
0x0000000002ee3000 	/usr/lib/libextension.dylib
0x0000000002ee3000 	/usr/lib/libarchive.2.dylib
0x0000000002ee3000 	/System/Library/Frameworks/CFNetwork.framework/Versions/A/CFNetwork
0x0000000002ee3000 	/System/Library/Frameworks/SystemConfiguration.framework/Versions/A/SystemConfiguration
0x0000000002ee3000 	/usr/lib/libCRFSuite.dylib
0x0000000002ee3000 	/usr/lib/libc++.1.dylib
0x0000000002ee3000 	/usr/lib/libc++abi.dylib
0x0000000002ee3000 	/usr/lib/system/libcache.dylib
0x0000000002ee3000 	/usr/lib/system/libcommonCrypto.dylib
0x0000000002ee3000 	/usr/lib/system/libcompiler_rt.dylib
0x0000000002ee3000 	/usr/lib/system/libcopyfile.dylib
0x0000000002ee3000 	/usr/lib/system/libcorecrypto.dylib
0x0000000002ee3000 	/usr/lib/system/libdispatch.dylib
0x0000000002ee3000 	/usr/lib/system/libdyld.dylib
0x0000000002ee3000 	/usr/lib/system/libkeymgr.dylib
0x0000000002ee3000 	/usr/lib/system/liblaunch.dylib
0x0000000002ee3000 	/usr/lib/system/libmacho.dylib
0x0000000002ee3000 	/usr/lib/system/libquarantine.dylib
0x0000000002ee3000 	/usr/lib/system/libremovefile.dylib
0x0000000002ee3000 	/usr/lib/system/libsystem_asl.dylib
0x0000000002ee3000 	/usr/lib/system/libsystem_blocks.dylib
0x0000000002ee3000 	/usr/lib/system/libsystem_c.dylib
0x0000000002ee3000 	/usr/lib/system/libsystem_configuration.dylib
0x0000000002ee3000 	/usr/lib/system/libsystem_coreservices.dylib
0x0000000002ee3000 	/usr/lib/system/libsystem_coretls.dylib
0x0000000002ee3000 	/usr/lib/system/libsystem_dnssd.dylib
0x0000000002ee3000 	/usr/lib/system/libsystem_info.dylib
0x0000000002ee3000 	/usr/lib/system/libsystem_kernel.dylib
0x0000000002ee3000 	/usr/lib/system/libsystem_m.dylib
0x0000000002ee3000 	/usr/lib/system/libsystem_malloc.dylib
0x0000000002ee3000 	/usr/lib/system/libsystem_network.dylib
0x0000000002ee3000 	/usr/lib/system/libsystem_networkextension.dylib
0x0000000002ee3000 	/usr/lib/system/libsystem_notify.dylib
0x0000000002ee3000 	/usr/lib/system/libsystem_platform.dylib
0x0000000002ee3000 	/usr/lib/system/libsystem_pthread.dylib
0x0000000002ee3000 	/usr/lib/system/libsystem_sandbox.dylib
0x0000000002ee3000 	/usr/lib/system/libsystem_secinit.dylib
0x0000000002ee3000 	/usr/lib/system/libsystem_trace.dylib
0x0000000002ee3000 	/usr/lib/system/libunc.dylib
0x0000000002ee3000 	/usr/lib/system/libunwind.dylib
0x0000000002ee3000 	/usr/lib/system/libxpc.dylib
0x0000000002ee3000 	/usr/lib/libenergytrace.dylib
0x0000000002ee3000 	/usr/lib/libbsm.0.dylib
0x0000000002ee3000 	/usr/lib/system/libkxld.dylib
0x0000000002ee3000 	/usr/lib/libxar.1.dylib
0x0000000002ee3000 	/usr/lib/libsqlite3.dylib
0x0000000002ee3000 	/usr/lib/libpam.2.dylib
0x0000000002ee3000 	/usr/lib/libOpenScriptingUtil.dylib
0x0000000002ee3000 	/usr/lib/libbz2.1.0.dylib
0x0000000002ee3000 	/usr/lib/liblzma.5.dylib
0x0000000002ee3000 	/System/Library/Frameworks/CoreServices.framework/Versions/A/Frameworks/FSEvents.framework/Versions/A/FSEvents
0x0000000002ee3000 	/System/Library/Frameworks/CoreServices.framework/Versions/A/Frameworks/CarbonCore.framework/Versions/A/CarbonCore
0x0000000002ee3000 	/System/Library/Frameworks/CoreServices.framework/Versions/A/Frameworks/Metadata.framework/Versions/A/Metadata
0x0000000002ee3000 	/System/Library/Frameworks/CoreServices.framework/Versions/A/Frameworks/OSServices.framework/Versions/A/OSServices
0x0000000002ee3000 	/System/Library/Frameworks/CoreServices.framework/Versions/A/Frameworks/SearchKit.framework/Versions/A/SearchKit
0x0000000002ee3000 	/System/Library/Frameworks/CoreServices.framework/Versions/A/Frameworks/AE.framework/Versions/A/AE
0x0000000002ee3000 	/System/Library/Frameworks/CoreServices.framework/Versions/A/Frameworks/LaunchServices.framework/Versions/A/LaunchServices
0x0000000002ee3000 	/System/Library/Frameworks/CoreServices.framework/Versions/A/Frameworks/DictionaryServices.framework/Versions/A/DictionaryServices
0x0000000002ee3000 	/System/Library/Frameworks/CoreServices.framework/Versions/A/Frameworks/SharedFileList.framework/Versions/A/SharedFileList
0x0000000002ee3000 	/System/Library/Frameworks/NetFS.framework/Versions/A/NetFS
0x0000000002ee3000 	/System/Library/PrivateFrameworks/NetAuth.framework/Versions/A/NetAuth
0x0000000002ee3000 	/System/Library/PrivateFrameworks/login.framework/Versions/A/Frameworks/loginsupport.framework/Versions/A/loginsupport
0x0000000002ee3000 	/System/Library/PrivateFrameworks/TCC.framework/Versions/A/TCC
0x0000000002ee3000 	/usr/lib/libmecabra.dylib
0x0000000002ee3000 	/System/Library/Frameworks/ApplicationServices.framework/Versions/A/Frameworks/ATS.framework/Versions/A/ATS
0x0000000002ee3000 	/System/Library/Frameworks/ApplicationServices.framework/Versions/A/Frameworks/ColorSync.framework/Versions/A/ColorSync
0x0000000002ee3000 	/System/Library/Frameworks/ApplicationServices.framework/Versions/A/Frameworks/HIServices.framework/Versions/A/HIServices
0x0000000002ee3000 	/System/Library/Frameworks/ApplicationServices.framework/Versions/A/Frameworks/LangAnalysis.framework/Versions/A/LangAnalysis
0x0000000002ee3000 	/System/Library/Frameworks/ApplicationServices.framework/Versions/A/Frameworks/PrintCore.framework/Versions/A/PrintCore
0x0000000002ee3000 	/System/Library/Frameworks/ApplicationServices.framework/Versions/A/Frameworks/QD.framework/Versions/A/QD
0x0000000002ee3000 	/System/Library/Frameworks/ApplicationServices.framework/Versions/A/Frameworks/SpeechSynthesis.framework/Versions/A/SpeechSynthesis
0x0000000002ee3000 	/System/Library/Frameworks/Metal.framework/Versions/A/Metal
0x0000000002ee3000 	/System/Library/Frameworks/Accelerate.framework/Versions/A/Frameworks/vImage.framework/Versions/A/vImage
0x0000000002ee3000 	/System/Library/Frameworks/Accelerate.framework/Versions/A/Frameworks/vecLib.framework/Versions/A/vecLib
0x0000000002ee3000 	/System/Library/Frameworks/Accelerate.framework/Versions/A/Frameworks/vecLib.framework/Versions/A/libvDSP.dylib
0x0000000002ee3000 	/System/Library/Frameworks/Accelerate.framework/Versions/A/Frameworks/vecLib.framework/Versions/A/libvMisc.dylib
0x0000000002ee3000 	/System/Library/Frameworks/Accelerate.framework/Versions/A/Frameworks/vecLib.framework/Versions/A/libLAPACK.dylib
0x0000000002ee3000 	/System/Library/Frameworks/Accelerate.framework/Versions/A/Frameworks/vecLib.framework/Versions/A/libBLAS.dylib
0x0000000002ee3000 	/System/Library/Frameworks/Accelerate.framework/Versions/A/Frameworks/vecLib.framework/Versions/A/libLinearAlgebra.dylib
0x0000000002ee3000 	/System/Library/Frameworks/Accelerate.framework/Versions/A/Frameworks/vecLib.framework/Versions/A/libSparseBLAS.dylib
0x0000000002ee3000 	/System/Library/PrivateFrameworks/GPUCompiler.framework/libmetal_timestamp.dylib
0x0000000002ee3000 	/System/Library/Frameworks/OpenGL.framework/Versions/A/Libraries/libCoreFSCache.dylib
0x0000000002ee3000 	/System/Library/PrivateFrameworks/IOAccelerator.framework/Versions/A/IOAccelerator
0x0000000002ee3000 	/System/Library/Frameworks/ApplicationServices.framework/Versions/A/Frameworks/ATS.framework/Versions/A/Resources/libFontParser.dylib
0x0000000002ee3000 	/System/Library/Frameworks/ApplicationServices.framework/Versions/A/Frameworks/ATS.framework/Versions/A/Resources/libFontRegistry.dylib
0x0000000002ee3000 	/System/Library/PrivateFrameworks/AppleVPA.framework/Versions/A/AppleVPA
0x0000000002ee3000 	/System/Library/PrivateFrameworks/AppleJPEG.framework/Versions/A/AppleJPEG
0x0000000002ee3000 	/System/Library/Frameworks/ImageIO.framework/Versions/A/Resources/libJPEG.dylib
0x0000000002ee3000 	/System/Library/Frameworks/ImageIO.framework/Versions/A/Resources/libTIFF.dylib
0x0000000002ee3000 	/System/Library/Frameworks/ImageIO.framework/Versions/A/Resources/libPng.dylib
0x0000000002ee3000 	/System/Library/Frameworks/ImageIO.framework/Versions/A/Resources/libGIF.dylib
0x0000000002ee3000 	/System/Library/Frameworks/ImageIO.framework/Versions/A/Resources/libJP2.dylib
0x0000000002ee3000 	/System/Library/Frameworks/ImageIO.framework/Versions/A/Resources/libRadiance.dylib
0x0000000002ee3000 	/System/Library/Frameworks/CoreVideo.framework/Versions/A/CoreVideo
0x0000000002ee3000 	/System/Library/Frameworks/OpenGL.framework/Versions/A/Libraries/libGLU.dylib
0x0000000002ee3000 	/System/Library/Frameworks/OpenGL.framework/Versions/A/Libraries/libGFXShared.dylib
0x0000000002ee3000 	/System/Library/Frameworks/OpenGL.framework/Versions/A/Libraries/libGL.dylib
0x0000000002ee3000 	/System/Library/Frameworks/OpenGL.framework/Versions/A/Libraries/libGLImage.dylib
0x0000000002ee3000 	/System/Library/Frameworks/OpenGL.framework/Versions/A/Libraries/libCVMSPluginSupport.dylib
0x0000000002ee3000 	/System/Library/Frameworks/OpenGL.framework/Versions/A/Libraries/libCoreVMClient.dylib
0x0000000002ee3000 	/usr/lib/libcompression.dylib
0x0000000002ee3000 	/usr/lib/libcups.2.dylib
0x0000000002ee3000 	/System/Library/Frameworks/Kerberos.framework/Versions/A/Kerberos
0x0000000002ee3000 	/System/Library/Frameworks/GSS.framework/Versions/A/GSS
0x0000000002ee3000 	/usr/lib/libresolv.9.dylib
0x0000000002ee3000 	/usr/lib/libiconv.2.dylib
0x0000000002ee3000 	/System/Library/PrivateFrameworks/Heimdal.framework/Versions/A/Heimdal
0x0000000002ee3000 	/usr/lib/libheimdal-asn1.dylib
0x0000000002ee3000 	/System/Library/Frameworks/OpenDirectory.framework/Versions/A/OpenDirectory
0x0000000002ee3000 	/System/Library/PrivateFrameworks/CommonAuth.framework/Versions/A/CommonAuth
0x0000000002ee3000 	/System/Library/Frameworks/OpenDirectory.framework/Versions/A/Frameworks/CFOpenDirectory.framework/Versions/A/CFOpenDirectory
0x0000000002ee3000 	/System/Library/Frameworks/SecurityFoundation.framework/Versions/A/SecurityFoundation
0x0000000002ee3000 	/System/Library/PrivateFrameworks/LanguageModeling.framework/Versions/A/LanguageModeling
0x0000000002ee3000 	/usr/lib/libmarisa.dylib
0x0000000002ee3000 	/usr/lib/libChineseTokenizer.dylib
0x0000000002ee3000 	/usr/lib/libcmph.dylib
0x0000000002ee3000 	/System/Library/Frameworks/ServiceManagement.framework/Versions/A/ServiceManagement
0x0000000002ee3000 	/usr/lib/libxslt.1.dylib
0x0000000002ee3000 	/System/Library/Frameworks/Carbon.framework/Versions/A/Frameworks/Ink.framework/Versions/A/Ink
0x0000000002ee3000 	/usr/lib/libFosl_dynamic.dylib
0x0000000002ee3000 	/System/Library/PrivateFrameworks/FaceCore.framework/Versions/A/FaceCore
0x0000000002ee3000 	/System/Library/Frameworks/OpenCL.framework/Versions/A/OpenCL
0x0000000002ee3000 	/System/Library/PrivateFrameworks/CrashReporterSupport.framework/Versions/A/CrashReporterSupport
0x0000000002ee3000 	/System/Library/PrivateFrameworks/IconServices.framework/Versions/A/IconServices
0x0000000002ee3000 	/System/Library/PrivateFrameworks/Apple80211.framework/Versions/A/Apple80211
0x0000000002ee3000 	/System/Library/Frameworks/CoreWLAN.framework/Versions/A/CoreWLAN
0x0000000002ee3000 	/System/Library/Frameworks/IOBluetooth.framework/Versions/A/IOBluetooth
0x0000000002ee3000 	/System/Library/PrivateFrameworks/CoreWiFi.framework/Versions/A/CoreWiFi
0x0000000002ee3000 	/System/Library/Frameworks/CoreBluetooth.framework/Versions/A/CoreBluetooth
0x0000000002ee3000 	/System/Library/PrivateFrameworks/ChunkingLibrary.framework/Versions/A/ChunkingLibrary
0x0000000002ee3000 	/System/Library/PrivateFrameworks/DebugSymbols.framework/Versions/A/DebugSymbols
0x0000000002ee3000 	/System/Library/PrivateFrameworks/CoreSymbolication.framework/Versions/A/CoreSymbolication
0x0000000002ee3000 	/System/Library/PrivateFrameworks/Symbolication.framework/Versions/A/Symbolication
0x0000000002ee3000 	/System/Library/PrivateFrameworks/SpeechRecognitionCore.framework/Versions/A/SpeechRecognitionCore
0x000000010f01e000 	/Library/Java/JavaVirtualMachines/jdk1.8.0_73.jdk/Contents/Home/jre/lib/server/libjvm.dylib
0x0000000002ee3000 	/usr/lib/libstdc++.6.dylib
0x000000010ffaf000 	/Library/Java/JavaVirtualMachines/jdk1.8.0_73.jdk/Contents/Home/jre/lib/libverify.dylib
0x000000010ffbd000 	/Library/Java/JavaVirtualMachines/jdk1.8.0_73.jdk/Contents/Home/jre/lib/libjava.dylib
0x0000000110800000 	/Library/Java/JavaVirtualMachines/jdk1.8.0_73.jdk/Contents/Home/jre/lib/libzip.dylib
0x000000012ac3e000 	/System/Library/Frameworks/JavaVM.framework/Frameworks/JavaRuntimeSupport.framework/JavaRuntimeSupport
0x000000012ac59000 	/System/Library/Frameworks/JavaVM.framework/Versions/A/Frameworks/JavaNativeFoundation.framework/Versions/A/JavaNativeFoundation
0x000000012ac6e000 	/System/Library/Frameworks/JavaVM.framework/Versions/A/JavaVM
0x0000000002ee3000 	/System/Library/Frameworks/Carbon.framework/Versions/A/Carbon
0x000000012ac7b000 	/System/Library/PrivateFrameworks/JavaLaunching.framework/Versions/A/JavaLaunching
0x0000000002ee3000 	/System/Library/Frameworks/Carbon.framework/Versions/A/Frameworks/CommonPanels.framework/Versions/A/CommonPanels
0x0000000002ee3000 	/System/Library/Frameworks/Carbon.framework/Versions/A/Frameworks/Help.framework/Versions/A/Help
0x0000000002ee3000 	/System/Library/Frameworks/Carbon.framework/Versions/A/Frameworks/ImageCapture.framework/Versions/A/ImageCapture
0x0000000002ee3000 	/System/Library/Frameworks/Carbon.framework/Versions/A/Frameworks/OpenScripting.framework/Versions/A/OpenScripting
0x0000000002ee3000 	/System/Library/Frameworks/Carbon.framework/Versions/A/Frameworks/Print.framework/Versions/A/Print
0x0000000002ee3000 	/System/Library/Frameworks/Carbon.framework/Versions/A/Frameworks/SecurityHI.framework/Versions/A/SecurityHI
0x000000012c7d9000 	/Library/Java/JavaVirtualMachines/jdk1.8.0_73.jdk/Contents/Home/jre/lib/libawt.dylib
0x000000012c881000 	/Library/Java/JavaVirtualMachines/jdk1.8.0_73.jdk/Contents/Home/jre/lib/./libmlib_image.dylib
0x000000012c94d000 	/Library/Java/JavaVirtualMachines/jdk1.8.0_73.jdk/Contents/Home/jre/lib/libawt_lwawt.dylib
0x000000012ca02000 	/Library/Java/JavaVirtualMachines/jdk1.8.0_73.jdk/Contents/Home/jre/lib/./libosxapp.dylib
0x0000000002ee3000 	/System/Library/Frameworks/ExceptionHandling.framework/Versions/A/ExceptionHandling
0x0000000002ee3000 	/System/Library/PrivateFrameworks/CoreServicesInternal.framework/Versions/A/CoreServicesInternal
0x0000000002ee3000 	/System/Library/Frameworks/CoreGraphics.framework/Versions/A/Resources/libRIP.A.dylib
0x0000000002ee3000 	/System/Library/Frameworks/Accelerate.framework/Versions/A/Frameworks/vImage.framework/Versions/A/Libraries/libCGInterfaces.dylib
0x0000000002ee3000 	/System/Library/Frameworks/CoreGraphics.framework/Versions/A/Resources/libCGXType.A.dylib
0x0000000002ee3000 	/System/Library/Frameworks/OpenCL.framework/Versions/A/Libraries/libcldcpuengine.dylib
0x0000000002ee3000 	/System/Library/PrivateFrameworks/DiskImages.framework/Versions/A/DiskImages
0x0000000002ee3000 	/System/Library/Frameworks/DiscRecording.framework/Versions/A/DiscRecording
0x0000000002ee3000 	/usr/lib/libcsfde.dylib
0x0000000002ee3000 	/usr/lib/libcurl.4.dylib
0x0000000002ee3000 	/System/Library/PrivateFrameworks/MediaKit.framework/Versions/A/MediaKit
0x0000000002ee3000 	/System/Library/PrivateFrameworks/ProtectedCloudStorage.framework/Versions/A/ProtectedCloudStorage
0x0000000002ee3000 	/usr/lib/libCoreStorage.dylib
0x0000000002ee3000 	/System/Library/PrivateFrameworks/EFILogin.framework/Versions/A/EFILogin
0x0000000002ee3000 	/usr/lib/libutil.dylib
0x0000000002ee3000 	/System/Library/PrivateFrameworks/FindMyDevice.framework/Versions/A/FindMyDevice
0x0000000002ee3000 	/System/Library/Frameworks/LDAP.framework/Versions/A/LDAP
0x0000000002ee3000 	/usr/lib/libsasl2.2.dylib
0x0000000002ee3000 	/System/Library/PrivateFrameworks/CoreDaemon.framework/Versions/B/CoreDaemon
0x0000000002ee3000 	/usr/lib/libcrypto.0.9.8.dylib
0x0000000002ee3000 	/System/Library/PrivateFrameworks/AppleSRP.framework/Versions/A/AppleSRP
0x0000000002ee3000 	/System/Library/PrivateFrameworks/TrustEvaluationAgent.framework/Versions/A/TrustEvaluationAgent
0x000000012d7c0000 	cl_kernels
0x0000000002ee3000 	/System/Library/Frameworks/OpenCL.framework/Versions/A/Libraries/ImageFormats/unorm8_bgra.dylib
0x0000000002ee3000 	/System/Library/Frameworks/OpenCL.framework/Versions/A/Libraries/ImageFormats/unorm8_rgba.dylib
0x0000000002ee3000 	/System/Library/PrivateFrameworks/FamilyControls.framework/Versions/A/FamilyControls
0x0000000002ee3000 	/System/Library/PrivateFrameworks/CommerceKit.framework/Versions/A/Frameworks/CommerceCore.framework/Versions/A/CommerceCore
0x0000000002ee3000 	/System/Library/PrivateFrameworks/SystemAdministration.framework/Versions/A/SystemAdministration
0x0000000002ee3000 	/System/Library/PrivateFrameworks/AppContainer.framework/Versions/A/AppContainer
0x0000000002ee3000 	/System/Library/PrivateFrameworks/SecCodeWrapper.framework/Versions/A/SecCodeWrapper
0x0000000002ee3000 	/System/Library/Frameworks/DirectoryService.framework/Versions/A/DirectoryService
0x0000000002ee3000 	/System/Library/PrivateFrameworks/LoginUIKit.framework/Versions/A/Frameworks/LoginUICore.framework/Versions/A/LoginUICore
0x0000000002ee3000 	/usr/lib/libodfde.dylib
0x0000000002ee3000 	/System/Library/Frameworks/OpenGL.framework/Versions/A/Resources/GLEngine.bundle/GLEngine
0x0000000002ee3000 	/System/Library/Frameworks/OpenGL.framework/Versions/A/Libraries/libGLProgrammability.dylib
0x000000012f948000 	/System/Library/Extensions/AppleIntelBDWGraphicsGLDriver.bundle/Contents/MacOS/AppleIntelBDWGraphicsGLDriver
0x0000000002ee3000 	/System/Library/PrivateFrameworks/GPUSupport.framework/Versions/A/Libraries/libGPUSupportMercury.dylib
0x0000000002ee3000 	/System/Library/Frameworks/OpenGL.framework/Versions/A/Resources/GLRendererFloat.bundle/GLRendererFloat
0x0000000131151000 	/Library/Java/JavaVirtualMachines/jdk1.8.0_73.jdk/Contents/Home/jre/lib/libfontmanager.dylib
0x00000001311b8000 	/Library/Java/JavaVirtualMachines/jdk1.8.0_73.jdk/Contents/Home/jre/lib/libosxui.dylib
0x000000013361f000 	/Library/Java/JavaVirtualMachines/jdk1.8.0_73.jdk/Contents/Home/jre/lib/libnet.dylib
0x000000013342f000 	/Library/Java/JavaVirtualMachines/jdk1.8.0_73.jdk/Contents/Home/jre/lib/libnio.dylib
0x0000000002ee3000 	/System/Library/Frameworks/ApplicationServices.framework/Versions/A/Frameworks/ATS.framework/Versions/A/Resources/libTrueTypeScaler.dylib
0x00000001846ff000 	/System/Library/Extensions/AppleIntelBDWGraphicsMTLDriver.bundle/Contents/MacOS/AppleIntelBDWGraphicsMTLDriver
0x000000012dd4b000 	/Library/Java/JavaVirtualMachines/jdk1.8.0_73.jdk/Contents/Home/jre/lib/libdcpr.dylib
0x0000000002ee3000 	/System/Library/PrivateFrameworks/CloudDocs.framework/Versions/A/CloudDocs
0x0000000002ee3000 	/System/Library/PrivateFrameworks/CoreDuet.framework/Versions/A/CoreDuet
0x0000000002ee3000 	/System/Library/Frameworks/CloudKit.framework/Versions/A/CloudKit
0x0000000002ee3000 	/System/Library/PrivateFrameworks/ProtocolBuffer.framework/Versions/A/ProtocolBuffer
0x0000000002ee3000 	/System/Library/PrivateFrameworks/CoreDuetDaemonProtocol.framework/Versions/A/CoreDuetDaemonProtocol
0x0000000002ee3000 	/System/Library/PrivateFrameworks/CoreDuetDebugLogging.framework/Versions/A/CoreDuetDebugLogging
0x0000000002ee3000 	/System/Library/PrivateFrameworks/MMCS.framework/Versions/A/MMCS
0x0000000002ee3000 	/System/Library/Frameworks/CoreLocation.framework/Versions/A/CoreLocation
0x0000000002ee3000 	/System/Library/PrivateFrameworks/AssetCacheServices.framework/Versions/A/AssetCacheServices
0x0000000002ee3000 	/System/Library/PrivateFrameworks/GeoServices.framework/Versions/A/GeoServices

VM Arguments:
jvm_args: -Dfile.encoding=UTF-8 
java_command: mt.listeners.InteractiveRANSAC
java_class_path (initial): /Users/varunkapoor/MTV_Tracker/target/classes:/Users/varunkapoor/.m2/repository/net/imglib2/imglib2/2.2.1/imglib2-2.2.1.jar:/Users/varunkapoor/.m2/repository/net/imagej/ij/1.49q/ij-1.49q.jar:/Library/Java/JavaVirtualMachines/jdk1.8.0_73.jdk/Contents/Home/lib/tools.jar:/Users/varunkapoor/.m2/repository/sc/fiji/bigdataviewer-core/1.1.3/bigdataviewer-core-1.1.3.jar:/Users/varunkapoor/.m2/repository/cisd/jhdf5/14.12.0/jhdf5-14.12.0.jar:/Users/varunkapoor/.m2/repository/com/google/code/gson/gson/2.2.4/gson-2.2.4.jar:/Users/varunkapoor/.m2/repository/sc/fiji/spim_data/1.0.0-beta-7/spim_data-1.0.0-beta-7.jar:/Users/varunkapoor/.m2/repository/org/scijava/scijava-common/2.40.0/scijava-common-2.40.0.jar:/Users/varunkapoor/.m2/repository/com/googlecode/gentyref/gentyref/1.1.0/gentyref-1.1.0.jar:/Users/varunkapoor/.m2/repository/org/bushe/eventbus/1.4/eventbus-1.4.jar:/Users/varunkapoor/.m2/repository/sc/fiji/Fiji_Plugins/3.0.0/Fiji_Plugins-3.0.0.jar:/Users/varunkapoor/.m2/repository/sc/fiji/SPIM_Opener/2.0.1/SPIM_Opener-2.0.1.jar:/Users/varunkapoor/.m2/repository/sc/fiji/VIB-lib/2.0.1/VIB-lib-2.0.1.jar:/Users/varunkapoor/.m2/repository/sc/fiji/pal-optimization/2.0.0/pal-optimization-2.0.0.jar:/Users/varunkapoor/.m2/repository/sc/fiji/fiji-lib/2.1.0/fiji-lib-2.1.0.jar:/Users/varunkapoor/.m2/repository/net/imagej/ij1-patcher/0.12.1/ij1-patcher-0.12.1.jar:/Users/varunkapoor/.m2/repository/org/javassist/javassist/3.19.0-GA/javassist-3.19.0-GA.jar:/Users/varunkapoor/.m2/repository/sc/fiji/legacy-imglib1/1.1.4-DEPRECATED/legacy-imglib1-1.1.4-DEPRECATED.jar:/Users/varunkapoor/.m2/repository/ome/formats-api/5.1.0/formats-api-5.1.0.jar:/Users/varunkapoor/.m2/repository/org/slf4j/slf4j-api/1.7.6/slf4j-api-1.7.6.jar:/Users/varunkapoor/.m2/repository/ome/formats-bsd/5.1.0/formats-bsd-5.1.0.jar:/Users/varunkapoor/.m2/repository/ome/jai_imageio/5.1.0/jai_imageio-5.1.0.jar:/Users/varunkapoor/.m2/repository/ome/specification/5.1.0/specification-5.1.0.jar:/Users/va
Launcher Type: SUN_STANDARD

Environment Variables:
PATH=/usr/bin:/bin:/usr/sbin:/sbin
SHELL=/bin/bash
DISPLAY=/private/tmp/com.apple.launchd.GGxTXgE5Gt/org.macosforge.xquartz:0

Signal Handlers:
SIGSEGV: [libjvm.dylib+0x5a71a5], sa_mask[0]=11111111011111110111111111111111, sa_flags=SA_ONSTACK|SA_RESTART|SA_SIGINFO
SIGBUS: [libjvm.dylib+0x5a71a5], sa_mask[0]=11111111011111110111111111111111, sa_flags=SA_RESTART|SA_SIGINFO
SIGFPE: [libjvm.dylib+0x480eb4], sa_mask[0]=11111111011111110111111111111111, sa_flags=SA_RESTART|SA_SIGINFO
SIGPIPE: [libjvm.dylib+0x480eb4], sa_mask[0]=11111111011111110111111111111111, sa_flags=SA_RESTART|SA_SIGINFO
SIGXFSZ: [libjvm.dylib+0x480eb4], sa_mask[0]=11111111011111110111111111111111, sa_flags=SA_RESTART|SA_SIGINFO
SIGILL: [libjvm.dylib+0x480eb4], sa_mask[0]=11111111011111110111111111111111, sa_flags=SA_RESTART|SA_SIGINFO
SIGUSR1: SIG_DFL, sa_mask[0]=00000000000000000000000000000000, sa_flags=none
SIGUSR2: [libjvm.dylib+0x4809d2], sa_mask[0]=00100000000000000000000000000000, sa_flags=SA_RESTART|SA_SIGINFO
SIGHUP: [libjvm.dylib+0x47efa9], sa_mask[0]=11111111011111110111111111111111, sa_flags=SA_RESTART|SA_SIGINFO
SIGINT: [libjvm.dylib+0x47efa9], sa_mask[0]=11111111011111110111111111111111, sa_flags=SA_RESTART|SA_SIGINFO
SIGTERM: [libjvm.dylib+0x47efa9], sa_mask[0]=11111111011111110111111111111111, sa_flags=SA_RESTART|SA_SIGINFO
SIGQUIT: [libjvm.dylib+0x47efa9], sa_mask[0]=11111111011111110111111111111111, sa_flags=SA_RESTART|SA_SIGINFO


---------------  S Y S T E M  ---------------

OS:Bsduname:Darwin 15.6.0 Darwin Kernel Version 15.6.0: Thu Jun 23 18:25:34 PDT 2016; root:xnu-3248.60.10~1/RELEASE_X86_64 x86_64
rlimit: STACK 8192k, CORE 0k, NPROC 709, NOFILE 10240, AS infinity
load average:3.03 2.67 2.86

CPU:total 4 (2 cores per cpu, 2 threads per core) family 6 model 61 stepping 4, cmov, cx8, fxsr, mmx, sse, sse2, sse3, ssse3, sse4.1, sse4.2, popcnt, avx, avx2, aes, clmul, erms, 3dnowpref, lzcnt, ht, tsc, tscinvbit, bmi1, bmi2, adx

Memory: 4k page, physical 16777216k(18752k free)

/proc/meminfo:


vm_info: Java HotSpot(TM) 64-Bit Server VM (25.73-b02) for bsd-amd64 JRE (1.8.0_73-b02), built on Jan 29 2016 15:02:00 by "java_re" with gcc 4.2.1 (Based on Apple Inc. build 5658) (LLVM build 2336.11.00)

time: Fri Aug  4 20:15:43 2017
elapsed time: 136699 seconds (1d 13h 58m 19s)

